# JRE version: Java(TM) SE Runtime Environment (7.0_45-b18) (build 1.7.0_45-b18)
# Java VM: Java HotSpot(TM) 64-Bit Server VM (24.45-b08 mixed mode linux-amd64 compressed oops)
Heap
 PSYoungGen      total 247808K, used 136735K [0x00000000f0000000, 0x0000000100000000, 0x0000000100000000)
  eden space 232960K, 57% used [0x00000000f0000000,0x00000000f8233f60,0x00000000fe380000)
  from space 14848K, 22% used [0x00000000ff180000,0x00000000ff4d4080,0x0000000100000000)
  to   space 14336K, 0% used [0x00000000fe380000,0x00000000fe380000,0x00000000ff180000)
 ParOldGen       total 524288K, used 186846K [0x00000000d0000000, 0x00000000f0000000, 0x00000000f0000000)
  object space 524288K, 35% used [0x00000000d0000000,0x00000000db677810,0x00000000f0000000)
 PSPermGen       total 262144K, used 92652K [0x00000000c0000000, 0x00000000d0000000, 0x00000000d0000000)
  object space 262144K, 35% used [0x00000000c0000000,0x00000000c5a7b0d8,0x00000000d0000000)
GC Heap History (10 events):
Event: 69.002 GC heap before
{Heap before GC invocations=36 (full 0):
 PSYoungGen      total 243200K, used 222911K [0x00000000f0000000, 0x0000000100000000, 0x0000000100000000)
  eden space 224768K, 97% used [0x00000000f0000000,0x00000000fd58a938,0x00000000fdb80000)
  from space 18432K, 23% used [0x00000000fdb80000,0x00000000fdfa5578,0x00000000fed80000)
  to   space 17408K, 0% used [0x00000000fef00000,0x00000000fef00000,0x0000000100000000)
 ParOldGen       total 524288K, used 168426K [0x00000000d0000000, 0x00000000f0000000, 0x00000000f0000000)
  object space 524288K, 32% used [0x00000000d0000000,0x00000000da47a928,0x00000000f0000000)
 PSPermGen       total 262144K, used 87016K [0x00000000c0000000, 0x00000000d0000000, 0x00000000d0000000)
  object space 262144K, 33% used [0x00000000c0000000,0x00000000c54fa198,0x00000000d0000000)
Event: 69.043 GC heap after
Heap after GC invocations=36 (full 0):
 PSYoungGen      total 245248K, used 5522K [0x00000000f0000000, 0x0000000100000000, 0x0000000100000000)
  eden space 227840K, 0% used [0x00000000f0000000,0x00000000f0000000,0x00000000fde80000)
  from space 17408K, 31% used [0x00000000fef00000,0x00000000ff464a60,0x0000000100000000)
  to   space 16896K, 0% used [0x00000000fde80000,0x00000000fde80000,0x00000000fef00000)
 ParOldGen       total 524288K, used 172351K [0x00000000d0000000, 0x00000000f0000000, 0x00000000f0000000)
  object space 524288K, 32% used [0x00000000d0000000,0x00000000da84fcc8,0x00000000f0000000)
 PSPermGen       total 262144K, used 87016K [0x00000000c0000000, 0x00000000d0000000, 0x00000000d0000000)
  object space 262144K, 33% used [0x00000000c0000000,0x00000000c54fa198,0x00000000d0000000)
}
Event: 71.086 GC heap before
{Heap before GC invocations=37 (full 0):
 PSYoungGen      total 245248K, used 225621K [0x00000000f0000000, 0x0000000100000000, 0x0000000100000000)
  eden space 227840K, 96% used [0x00000000f0000000,0x00000000fd6f0c70,0x00000000fde80000)
  from space 17408K, 31% used [0x00000000fef00000,0x00000000ff464a60,0x0000000100000000)
  to   space 16896K, 0% used [0x00000000fde80000,0x00000000fde80000,0x00000000fef00000)
 ParOldGen       total 524288K, used 172351K [0x00000000d0000000, 0x00000000f0000000, 0x00000000f0000000)
  object space 524288K, 32% used [0x00000000d0000000,0x00000000da84fcc8,0x00000000f0000000)
 PSPermGen       total 262144K, used 88408K [0x00000000c0000000, 0x00000000d0000000, 0x00000000d0000000)
  object space 262144K, 33% used [0x00000000c0000000,0x00000000c56563f0,0x00000000d0000000)
Event: 71.128 GC heap after
Heap after GC invocations=37 (full 0):
 PSYoungGen      total 244736K, used 6865K [0x00000000f0000000, 0x0000000100000000, 0x0000000100000000)
  eden space 227840K, 0% used [0x00000000f0000000,0x00000000f0000000,0x00000000fde80000)
  from space 16896K, 40% used [0x00000000fde80000,0x00000000fe5347c8,0x00000000fef00000)
  to   space 15872K, 0% used [0x00000000ff080000,0x00000000ff080000,0x0000000100000000)
 ParOldGen       total 524288K, used 176430K [0x00000000d0000000, 0x00000000f0000000, 0x00000000f0000000)
  object space 524288K, 33% used [0x00000000d0000000,0x00000000dac4ba78,0x00000000f0000000)
 PSPermGen       total 262144K, used 88408K [0x00000000c0000000, 0x00000000d0000000, 0x00000000d0000000)
  object space 262144K, 33% used [0x00000000c0000000,0x00000000c56563f0,0x00000000d0000000)
}
Event: 71.778 GC heap before
{Heap before GC invocations=38 (full 0):
 PSYoungGen      total 244736K, used 231074K [0x00000000f0000000, 0x0000000100000000, 0x0000000100000000)
  eden space 227840K, 98% used [0x00000000f0000000,0x00000000fdaf4350,0x00000000fde80000)
  from space 16896K, 40% used [0x00000000fde80000,0x00000000fe5347c8,0x00000000fef00000)
  to   space 15872K, 0% used [0x00000000ff080000,0x00000000ff080000,0x0000000100000000)
 ParOldGen       total 524288K, used 176430K [0x00000000d0000000, 0x00000000f0000000, 0x00000000f0000000)
  object space 524288K, 33% used [0x00000000d0000000,0x00000000dac4ba78,0x00000000f0000000)
 PSPermGen       total 262144K, used 89878K [0x00000000c0000000, 0x00000000d0000000, 0x00000000d0000000)
  object space 262144K, 34% used [0x00000000c0000000,0x00000000c57c5bf8,0x00000000d0000000)
Event: 71.811 GC heap after
Heap after GC invocations=38 (full 0):
 PSYoungGen      total 246784K, used 4669K [0x00000000f0000000, 0x0000000100000000, 0x0000000100000000)
  eden space 230912K, 0% used [0x00000000f0000000,0x00000000f0000000,0x00000000fe180000)
  from space 15872K, 29% used [0x00000000ff080000,0x00000000ff50f508,0x0000000100000000)
  to   space 15360K, 0% used [0x00000000fe180000,0x00000000fe180000,0x00000000ff080000)
 ParOldGen       total 524288K, used 182458K [0x00000000d0000000, 0x00000000f0000000, 0x00000000f0000000)
  object space 524288K, 34% used [0x00000000d0000000,0x00000000db22ebf8,0x00000000f0000000)
 PSPermGen       total 262144K, used 89878K [0x00000000c0000000, 0x00000000d0000000, 0x00000000d0000000)
  object space 262144K, 34% used [0x00000000c0000000,0x00000000c57c5bf8,0x00000000d0000000)
}
Event: 72.264 GC heap before
{Heap before GC invocations=39 (full 0):
 PSYoungGen      total 246784K, used 227060K [0x00000000f0000000, 0x0000000100000000, 0x0000000100000000)
  eden space 230912K, 96% used [0x00000000f0000000,0x00000000fd92dcd8,0x00000000fe180000)
  from space 15872K, 29% used [0x00000000ff080000,0x00000000ff50f508,0x0000000100000000)
  to   space 15360K, 0% used [0x00000000fe180000,0x00000000fe180000,0x00000000ff080000)
 ParOldGen       total 524288K, used 182458K [0x00000000d0000000, 0x00000000f0000000, 0x00000000f0000000)
  object space 524288K, 34% used [0x00000000d0000000,0x00000000db22ebf8,0x00000000f0000000)
 PSPermGen       total 262144K, used 91246K [0x00000000c0000000, 0x00000000d0000000, 0x00000000d0000000)
  object space 262144K, 34% used [0x00000000c0000000,0x00000000c591bb60,0x00000000d0000000)
Event: 72.279 GC heap after
Heap after GC invocations=39 (full 0):
 PSYoungGen      total 246272K, used 2411K [0x00000000f0000000, 0x0000000100000000, 0x0000000100000000)
  eden space 230912K, 0% used [0x00000000f0000000,0x00000000f0000000,0x00000000fe180000)
  from space 15360K, 15% used [0x00000000fe180000,0x00000000fe3daee0,0x00000000ff080000)
  to   space 14848K, 0% used [0x00000000ff180000,0x00000000ff180000,0x0000000100000000)
 ParOldGen       total 524288K, used 185693K [0x00000000d0000000, 0x00000000f0000000, 0x00000000f0000000)
  object space 524288K, 35% used [0x00000000d0000000,0x00000000db557450,0x00000000f0000000)
 PSPermGen       total 262144K, used 91246K [0x00000000c0000000, 0x00000000d0000000, 0x00000000d0000000)
  object space 262144K, 34% used [0x00000000c0000000,0x00000000c591bb60,0x00000000d0000000)
}
Event: 72.597 GC heap before
{Heap before GC invocations=40 (full 0):
 PSYoungGen      total 246272K, used 233323K [0x00000000f0000000, 0x0000000100000000, 0x0000000100000000)
  eden space 230912K, 100% used [0x00000000f0000000,0x00000000fe180000,0x00000000fe180000)
  from space 15360K, 15% used [0x00000000fe180000,0x00000000fe3daee0,0x00000000ff080000)
  to   space 14848K, 0% used [0x00000000ff180000,0x00000000ff180000,0x0000000100000000)
 ParOldGen       total 524288K, used 185693K [0x00000000d0000000, 0x00000000f0000000, 0x00000000f0000000)
  object space 524288K, 35% used [0x00000000d0000000,0x00000000db557450,0x00000000f0000000)
 PSPermGen       total 262144K, used 91948K [0x00000000c0000000, 0x00000000d0000000, 0x00000000d0000000)
  object space 262144K, 35% used [0x00000000c0000000,0x00000000c59cb100,0x00000000d0000000)
Event: 72.612 GC heap after
Heap after GC invocations=40 (full 0):
 PSYoungGen      total 247808K, used 3408K [0x00000000f0000000, 0x0000000100000000, 0x0000000100000000)
  eden space 232960K, 0% used [0x00000000f0000000,0x00000000f0000000,0x00000000fe380000)
  from space 14848K, 22% used [0x00000000ff180000,0x00000000ff4d4080,0x0000000100000000)
  to   space 14336K, 0% used [0x00000000fe380000,0x00000000fe380000,0x00000000ff180000)
 ParOldGen       total 524288K, used 186846K [0x00000000d0000000, 0x00000000f0000000, 0x00000000f0000000)
  object space 524288K, 35% used [0x00000000d0000000,0x00000000db677810,0x00000000f0000000)
 PSPermGen       total 262144K, used 91948K [0x00000000c0000000, 0x00000000d0000000, 0x00000000d0000000)
  object space 262144K, 35% used [0x00000000c0000000,0x00000000c59cb100,0x00000000d0000000)
}

